Arguments: 
  C:\Program Files\nodejs\node.exe C:\Program Files (x86)\Yarn\bin\yarn.js init

PATH: 
  C:\Users\Digi\Desktop\Cmder\bin;C:\Users\Digi\Desktop\Cmder\vendor\bin;C:\Users\Digi\Desktop\Cmder\vendor\conemu-maximus5\ConEmu\Scripts;C:\Users\Digi\Desktop\Cmder\vendor\conemu-maximus5;C:\Users\Digi\Desktop\Cmder\vendor\conemu-maximus5\ConEmu;C:\WINDOWS\system32;C:\WINDOWS;C:\WINDOWS\System32\Wbem;C:\WINDOWS\System32\WindowsPowerShell\v1.0\;C:\WINDOWS\System32\OpenSSH\;C:\Program Files\Git\cmd;C:\Program Files\nodejs\;C:\Program Files\dotnet\;C:\Program Files (x86)\Yarn\bin\;C:\Users\Digi\AppData\Local\Microsoft\WindowsApps;C:\Users\Digi\AppData\Roaming\npm;C:\Users\Digi\AppData\Local\atom\bin;C:\Users\Digi\AppData\Local\Programs\Microsoft VS Code\bin;C:\Users\Digi\AppData\Local\Microsoft\WindowsApps;C:\Users\Digi\AppData\Local\Yarn\bin;C:\Program Files\Git\cmd;C:\Program Files\Git\mingw64\bin;C:\Program Files\Git\usr\bin;C:\Users\Digi\Desktop\Cmder

Yarn version: 
  1.17.3

Node version: 
  11.13.0

Platform: 
  win32 x64

Trace: 
  Error: canceled
      at Interface.<anonymous> (C:\Program Files (x86)\Yarn\lib\cli.js:136724:13)
      at Interface.emit (events.js:193:13)
      at Interface._ttyWrite (readline.js:820:16)
      at ReadStream.onkeypress (readline.js:184:10)
      at ReadStream.emit (events.js:193:13)
      at emitKeys (internal/readline.js:424:14)
      at emitKeys.next (<anonymous>)
      at ReadStream.onData (readline.js:1093:36)
      at ReadStream.emit (events.js:193:13)
      at addChunk (_stream_readable.js:296:12)

npm manifest: 
  No manifest

yarn manifest: 
  No manifest

Lockfile: 
  No lockfile
